<?xml version="1.0" encoding="UTF-8"?>
<testsuite name="cookbook.AppTest" tests="1" skipped="0" failures="0" errors="0" timestamp="2023-04-11T15:01:26" hostname="MacBook-Air-de-zhangsi.local" time="0.022">
  <properties/>
  <testcase name="appHasAGreeting()" classname="cookbook.AppTest" time="0.022"/>
  <system-out><![CDATA[]]></system-out>
  <system-err><![CDATA[]]></system-err>
</testsuite>
